SF:/Users/dbrattli/Developer/GitHub/CogniteNetSdk/src/Request.fs
FN:8,System.Int32 Cognite.Sdk.Method::CompareTo(System.Object)
FNDA:0,System.Int32 Cognite.Sdk.Method::CompareTo(System.Object)
DA:9,0
FN:29,System.Int32 Cognite.Sdk.RequestError::CompareTo(System.Object)
FNDA:0,System.Int32 Cognite.Sdk.RequestError::CompareTo(System.Object)
DA:30,0
FN:37,System.Int32 Cognite.Sdk.DecodeException::GetHashCode()
FNDA:0,System.Int32 Cognite.Sdk.DecodeException::GetHashCode()
DA:38,0
FN:74,Cognite.Sdk.Context Cognite.Sdk.ContextModule::addHeader(System.String,System.String,Cognite.Sdk.Context)
FNDA:4,Cognite.Sdk.Context Cognite.Sdk.ContextModule::addHeader(System.String,System.String,Cognite.Sdk.Context)
DA:75,4
FN:86,Cognite.Sdk.Context Cognite.Sdk.ContextModule::addQuery(Microsoft.FSharp.Collections.FSharpList`1<System.Tuple`2<System.String,System.String>>,Cognite.Sdk.Context)
FNDA:2,Cognite.Sdk.Context Cognite.Sdk.ContextModule::addQuery(Microsoft.FSharp.Collections.FSharpList`1<System.Tuple`2<System.String,System.String>>,Cognite.Sdk.Context)
DA:87,2
FN:89,Cognite.Sdk.Context Cognite.Sdk.ContextModule::addQueryItem(System.String,System.String,Cognite.Sdk.Context)
FNDA:0,Cognite.Sdk.Context Cognite.Sdk.ContextModule::addQueryItem(System.String,System.String,Cognite.Sdk.Context)
DA:90,0
FN:92,Cognite.Sdk.Context Cognite.Sdk.ContextModule::setResource(System.String,Cognite.Sdk.Context)
FNDA:4,Cognite.Sdk.Context Cognite.Sdk.ContextModule::setResource(System.String,Cognite.Sdk.Context)
DA:93,4
FN:95,Cognite.Sdk.Context Cognite.Sdk.ContextModule::setBody(System.String,Cognite.Sdk.Context)
FNDA:0,Cognite.Sdk.Context Cognite.Sdk.ContextModule::setBody(System.String,Cognite.Sdk.Context)
DA:96,0
FN:111,Cognite.Sdk.Context Cognite.Sdk.ContextModule::setMethod(Cognite.Sdk.Method,Cognite.Sdk.Context)
FNDA:4,Cognite.Sdk.Context Cognite.Sdk.ContextModule::setMethod(Cognite.Sdk.Method,Cognite.Sdk.Context)
DA:112,4
FN:126,Cognite.Sdk.Context Cognite.Sdk.ContextModule::setProject(System.String,Cognite.Sdk.Context)
FNDA:4,Cognite.Sdk.Context Cognite.Sdk.ContextModule::setProject(System.String,Cognite.Sdk.Context)
DA:127,4
FN:142,Cognite.Sdk.Context Cognite.Sdk.ContextModule::setFetch(Microsoft.FSharp.Core.FSharpFunc`2<Cognite.Sdk.Context,Microsoft.FSharp.Control.FSharpAsync`1<Microsoft.FSharp.Core.FSharpResult`2<System.String,System.Exception>>>,Cognite.Sdk.Context)
FNDA:4,Cognite.Sdk.Context Cognite.Sdk.ContextModule::setFetch(Microsoft.FSharp.Core.FSharpFunc`2<Cognite.Sdk.Context,Microsoft.FSharp.Control.FSharpAsync`1<Microsoft.FSharp.Core.FSharpResult`2<System.String,System.Exception>>>,Cognite.Sdk.Context)
DA:143,4
FN:68,Microsoft.FSharp.Control.FSharpAsync`1<Microsoft.FSharp.Core.FSharpResult`2<System.String,System.Exception>> Cognite.Sdk.ContextModule/defaultContext@69::Invoke(Cognite.Sdk.Context)
FNDA:1,Microsoft.FSharp.Control.FSharpAsync`1<Microsoft.FSharp.Core.FSharpResult`2<System.String,System.Exception>> Cognite.Sdk.ContextModule/defaultContext@69::Invoke(Cognite.Sdk.Context)
DA:69,1
FN:43,Microsoft.FSharp.Control.FSharpAsync`1<Microsoft.FSharp.Core.FSharpResult`2<System.String,System.Exception>> Cognite.Sdk.Request::fetch(Cognite.Sdk.Context)
FNDA:0,Microsoft.FSharp.Control.FSharpAsync`1<Microsoft.FSharp.Core.FSharpResult`2<System.String,System.Exception>> Cognite.Sdk.Request::fetch(Cognite.Sdk.Context)
DA:44,0
FN:45,System.String Cognite.Sdk.Request/url@46-1::Invoke(System.String)
FNDA:0,System.String Cognite.Sdk.Request/url@46-1::Invoke(System.String)
DA:46,0
FN:47,FSharp.Data.HttpRequestBody Cognite.Sdk.Request/body@48::Invoke(System.String)
FNDA:0,FSharp.Data.HttpRequestBody Cognite.Sdk.Request/body@48::Invoke(System.String)
DA:48,0
FN:51,Microsoft.FSharp.Control.AsyncReturn Cognite.Sdk.Request/fetch@52-3::Invoke(Microsoft.FSharp.Control.AsyncActivation`1<Microsoft.FSharp.Core.FSharpResult`2<System.String,System.Exception>>)
FNDA:0,Microsoft.FSharp.Control.AsyncReturn Cognite.Sdk.Request/fetch@52-3::Invoke(Microsoft.FSharp.Control.AsyncActivation`1<Microsoft.FSharp.Core.FSharpResult`2<System.String,System.Exception>>)
DA:52,0
FN:50,Microsoft.FSharp.Control.FSharpAsync`1<Microsoft.FSharp.Core.FSharpResult`2<System.String,System.Exception>> Cognite.Sdk.Request/fetch@52-2::Invoke(System.String)
FNDA:0,Microsoft.FSharp.Control.FSharpAsync`1<Microsoft.FSharp.Core.FSharpResult`2<System.String,System.Exception>> Cognite.Sdk.Request/fetch@52-2::Invoke(System.String)
DA:51,0
FN:53,Microsoft.FSharp.Control.AsyncReturn Cognite.Sdk.Request/fetch@54-6::Invoke(Microsoft.FSharp.Control.AsyncActivation`1<Microsoft.FSharp.Core.FSharpResult`2<System.String,System.Exception>>)
FNDA:0,Microsoft.FSharp.Control.AsyncReturn Cognite.Sdk.Request/fetch@54-6::Invoke(Microsoft.FSharp.Control.AsyncActivation`1<Microsoft.FSharp.Core.FSharpResult`2<System.String,System.Exception>>)
DA:54,0
FN:49,Microsoft.FSharp.Control.FSharpAsync`1<Microsoft.FSharp.Core.FSharpResult`2<System.String,System.Exception>> Cognite.Sdk.Request/fetch@50-5::Invoke(System.Exception)
FNDA:0,Microsoft.FSharp.Control.FSharpAsync`1<Microsoft.FSharp.Core.FSharpResult`2<System.String,System.Exception>> Cognite.Sdk.Request/fetch@50-5::Invoke(System.Exception)
DA:50,0
DA:53,0
FN:44,Microsoft.FSharp.Control.FSharpAsync`1<Microsoft.FSharp.Core.FSharpResult`2<System.String,System.Exception>> Cognite.Sdk.Request/fetch@45::Invoke(Microsoft.FSharp.Core.Unit)
FNDA:0,Microsoft.FSharp.Control.FSharpAsync`1<Microsoft.FSharp.Core.FSharpResult`2<System.String,System.Exception>> Cognite.Sdk.Request/fetch@45::Invoke(Microsoft.FSharp.Core.Unit)
DA:45,0
DA:47,0
DA:49,0
FN:58,System.Void <StartupCode$CogniteNetSdk>.$Request::.cctor()
FNDA:1,System.Void <StartupCode$CogniteNetSdk>.$Request::.cctor()
DA:59,1
DA:60,1
DA:61,1
DA:62,1
DA:63,1
DA:64,1
DA:65,1
DA:66,1
DA:67,1
DA:68,1
DA:70,1
DA:71,1
LF:35
LH:19
BRF:26
BRH:0
FNF:21
FNH:8
end_of_record
SF:/Users/dbrattli/Developer/GitHub/CogniteNetSdk/src/TimeSeries.fs
FN:7,System.Int32 Cognite.Sdk.Numeric::CompareTo(System.Object)
FNDA:0,System.Int32 Cognite.Sdk.Numeric::CompareTo(System.Object)
DA:8,0
FN:12,System.Int32 Cognite.Sdk.DataPoint::CompareTo(System.Object)
FNDA:0,System.Int32 Cognite.Sdk.DataPoint::CompareTo(System.Object)
DA:13,0
FN:17,Newtonsoft.Json.Linq.JToken Cognite.Sdk.DataPoint::get_Encoder()
FNDA:0,Newtonsoft.Json.Linq.JToken Cognite.Sdk.DataPoint::get_Encoder()
DA:18,0
DA:19,0
DA:20,0
DA:21,0
DA:22,0
DA:23,0
DA:24,0
FN:49,Microsoft.FSharp.Control.FSharpAsync`1<Microsoft.FSharp.Core.FSharpResult`2<System.String,System.Exception>> Cognite.Sdk.TimeSeries::insertData(Cognite.Sdk.Context,System.String,Microsoft.FSharp.Collections.FSharpList`1<Cognite.Sdk.DataPoint>)
FNDA:0,Microsoft.FSharp.Control.FSharpAsync`1<Microsoft.FSharp.Core.FSharpResult`2<System.String,System.Exception>> Cognite.Sdk.TimeSeries::insertData(Cognite.Sdk.Context,System.String,Microsoft.FSharp.Collections.FSharpList`1<Cognite.Sdk.DataPoint>)
DA:50,0
FN:29,System.Int32 Cognite.Sdk.TimeSeries/Request::CompareTo(System.Object)
FNDA:0,System.Int32 Cognite.Sdk.TimeSeries/Request::CompareTo(System.Object)
DA:30,0
FN:33,Newtonsoft.Json.Linq.JToken Cognite.Sdk.TimeSeries/Request::get_Encoder()
FNDA:0,Newtonsoft.Json.Linq.JToken Cognite.Sdk.TimeSeries/Request::get_Encoder()
DA:34,0
DA:35,0
DA:36,0
FN:61,Microsoft.FSharp.Control.AsyncReturn Cognite.Sdk.TimeSeries/insertData@62-2::Invoke(Microsoft.FSharp.Control.AsyncActivation`1<Microsoft.FSharp.Core.FSharpResult`2<System.String,System.Exception>>)
FNDA:0,Microsoft.FSharp.Control.AsyncReturn Cognite.Sdk.TimeSeries/insertData@62-2::Invoke(Microsoft.FSharp.Control.AsyncActivation`1<Microsoft.FSharp.Core.FSharpResult`2<System.String,System.Exception>>)
DA:62,0
FN:55,Microsoft.FSharp.Control.FSharpAsync`1<Microsoft.FSharp.Core.FSharpResult`2<System.String,System.Exception>> Cognite.Sdk.TimeSeries/insertData@62-1::Invoke(Microsoft.FSharp.Core.FSharpResult`2<System.String,System.Exception>)
FNDA:0,Microsoft.FSharp.Control.FSharpAsync`1<Microsoft.FSharp.Core.FSharpResult`2<System.String,System.Exception>> Cognite.Sdk.TimeSeries/insertData@62-1::Invoke(Microsoft.FSharp.Core.FSharpResult`2<System.String,System.Exception>)
DA:56,0
DA:57,0
DA:58,0
DA:59,0
DA:60,0
DA:61,0
FN:50,Microsoft.FSharp.Control.FSharpAsync`1<Microsoft.FSharp.Core.FSharpResult`2<System.String,System.Exception>> Cognite.Sdk.TimeSeries/insertData@51::Invoke(Microsoft.FSharp.Core.Unit)
FNDA:0,Microsoft.FSharp.Control.FSharpAsync`1<Microsoft.FSharp.Core.FSharpResult`2<System.String,System.Exception>> Cognite.Sdk.TimeSeries/insertData@51::Invoke(Microsoft.FSharp.Core.Unit)
DA:51,0
DA:53,0
DA:54,0
LF:24
LH:0
BRF:61
BRH:0
FNF:9
FNH:0
end_of_record
SF:/Users/dbrattli/Developer/GitHub/CogniteNetSdk/src/api/Client.fs
FN:19,Cognite.Sdk.Context Cognite.Sdk.Api.Client::get_Ctx()
FNDA:4,Cognite.Sdk.Context Cognite.Sdk.Api.Client::get_Ctx()
DA:20,4
FN:26,Cognite.Sdk.Api.Client Cognite.Sdk.Api.Client::AddHeader(System.String,System.String)
FNDA:4,Cognite.Sdk.Api.Client Cognite.Sdk.Api.Client::AddHeader(System.String,System.String)
DA:27,4
DA:28,4
DA:29,4
FN:35,Cognite.Sdk.Api.Client Cognite.Sdk.Api.Client::SetProject(System.String)
FNDA:4,Cognite.Sdk.Api.Client Cognite.Sdk.Api.Client::SetProject(System.String)
DA:36,4
DA:37,4
DA:38,4
FN:52,Cognite.Sdk.Api.Client Cognite.Sdk.Api.Client::SetFetch(System.Func`2<Cognite.Sdk.Context,System.Threading.Tasks.Task`1<System.String>>)
FNDA:4,Cognite.Sdk.Api.Client Cognite.Sdk.Api.Client::SetFetch(System.Func`2<Cognite.Sdk.Context,System.Threading.Tasks.Task`1<System.String>>)
DA:53,4
DA:54,4
DA:55,4
FN:60,Cognite.Sdk.Api.Client Cognite.Sdk.Api.Client::Create()
FNDA:4,Cognite.Sdk.Api.Client Cognite.Sdk.Api.Client::Create()
DA:61,4
FN:13,System.Void Cognite.Sdk.Api.Client::.ctor(Cognite.Sdk.Context)
FNDA:16,System.Void Cognite.Sdk.Api.Client::.ctor(Cognite.Sdk.Context)
DA:14,16
DA:15,16
FN:16,System.Void Cognite.Sdk.Api.Client::.ctor()
FNDA:0,System.Void Cognite.Sdk.Api.Client::.ctor()
DA:17,0
FN:44,Microsoft.FSharp.Control.AsyncReturn <StartupCode$CogniteNetSdk>.$Client/fetch'@45-5::Invoke(Microsoft.FSharp.Control.AsyncActivation`1<Microsoft.FSharp.Core.FSharpResult`2<System.String,System.Exception>>)
FNDA:20,Microsoft.FSharp.Control.AsyncReturn <StartupCode$CogniteNetSdk>.$Client/fetch'@45-5::Invoke(Microsoft.FSharp.Control.AsyncActivation`1<Microsoft.FSharp.Core.FSharpResult`2<System.String,System.Exception>>)
DA:45,20
FN:43,Microsoft.FSharp.Control.FSharpAsync`1<Microsoft.FSharp.Core.FSharpResult`2<System.String,System.Exception>> <StartupCode$CogniteNetSdk>.$Client/fetch'@45-4::Invoke(System.String)
FNDA:24,Microsoft.FSharp.Control.FSharpAsync`1<Microsoft.FSharp.Core.FSharpResult`2<System.String,System.Exception>> <StartupCode$CogniteNetSdk>.$Client/fetch'@45-4::Invoke(System.String)
DA:44,24
FN:47,Microsoft.FSharp.Control.AsyncReturn <StartupCode$CogniteNetSdk>.$Client/fetch'@48-8::Invoke(Microsoft.FSharp.Control.AsyncActivation`1<Microsoft.FSharp.Core.FSharpResult`2<System.String,System.Exception>>)
FNDA:12,Microsoft.FSharp.Control.AsyncReturn <StartupCode$CogniteNetSdk>.$Client/fetch'@48-8::Invoke(Microsoft.FSharp.Control.AsyncActivation`1<Microsoft.FSharp.Core.FSharpResult`2<System.String,System.Exception>>)
DA:48,12
FN:42,Microsoft.FSharp.Control.FSharpAsync`1<Microsoft.FSharp.Core.FSharpResult`2<System.String,System.Exception>> <StartupCode$CogniteNetSdk>.$Client/fetch'@43-7::Invoke(System.Exception)
FNDA:20,Microsoft.FSharp.Control.FSharpAsync`1<Microsoft.FSharp.Core.FSharpResult`2<System.String,System.Exception>> <StartupCode$CogniteNetSdk>.$Client/fetch'@43-7::Invoke(System.Exception)
DA:43,20
DA:46,12
DA:47,12
FN:49,Microsoft.FSharp.Control.AsyncReturn <StartupCode$CogniteNetSdk>.$Client/fetch'@50-13::Invoke(Microsoft.FSharp.Control.AsyncActivation`1<Microsoft.FSharp.Core.FSharpResult`2<System.String,System.Exception>>)
FNDA:8,Microsoft.FSharp.Control.AsyncReturn <StartupCode$CogniteNetSdk>.$Client/fetch'@50-13::Invoke(Microsoft.FSharp.Control.AsyncActivation`1<Microsoft.FSharp.Core.FSharpResult`2<System.String,System.Exception>>)
DA:50,8
FN:41,Microsoft.FSharp.Control.FSharpAsync`1<Microsoft.FSharp.Core.FSharpResult`2<System.String,System.Exception>> <StartupCode$CogniteNetSdk>.$Client/fetch'@50-12::Invoke(Microsoft.FSharp.Core.FSharpResult`2<System.String,System.Exception>)
FNDA:12,Microsoft.FSharp.Control.FSharpAsync`1<Microsoft.FSharp.Core.FSharpResult`2<System.String,System.Exception>> <StartupCode$CogniteNetSdk>.$Client/fetch'@50-12::Invoke(Microsoft.FSharp.Core.FSharpResult`2<System.String,System.Exception>)
DA:42,12
DA:49,12
FN:40,Microsoft.FSharp.Control.FSharpAsync`1<Microsoft.FSharp.Core.FSharpResult`2<System.String,System.Exception>> <StartupCode$CogniteNetSdk>.$Client/fetch'@41::Invoke(Cognite.Sdk.Context)
FNDA:4,Microsoft.FSharp.Control.FSharpAsync`1<Microsoft.FSharp.Core.FSharpResult`2<System.String,System.Exception>> <StartupCode$CogniteNetSdk>.$Client/fetch'@41::Invoke(Cognite.Sdk.Context)
DA:41,4
LF:24
LH:23
BRF:0
BRH:0
FNF:14
FNH:13
end_of_record
SF:/Users/dbrattli/Developer/GitHub/CogniteNetSdk/src/api/Assets.fs
FN:18,System.Boolean Cognite.Sdk.Api.AssetExtension::TryGetParentId(Cognite.Sdk.Assets.Model/ResponseAsset,System.Int64&)
FNDA:0,System.Boolean Cognite.Sdk.Api.AssetExtension::TryGetParentId(Cognite.Sdk.Assets.Model/ResponseAsset,System.Int64&)
DA:19,0
DA:21,0
DA:22,0
DA:23,0
BRDA:19,8,1,0
BRDA:19,8,0,0
FN:26,System.Boolean Cognite.Sdk.Api.AssetExtension::HasParentId(Cognite.Sdk.Assets.Model/ResponseAsset)
FNDA:0,System.Boolean Cognite.Sdk.Api.AssetExtension::HasParentId(Cognite.Sdk.Assets.Model/ResponseAsset)
DA:27,0
FN:30,System.Int64 Cognite.Sdk.Api.AssetExtension::GetParentId(Cognite.Sdk.Assets.Model/ResponseAsset)
FNDA:0,System.Int64 Cognite.Sdk.Api.AssetExtension::GetParentId(Cognite.Sdk.Assets.Model/ResponseAsset)
DA:31,0
FN:35,Cognite.Sdk.Assets.Model/RequestAsset Cognite.Sdk.Api.AssetExtension::Create(System.String,System.String,System.Int64,System.Int64)
FNDA:0,Cognite.Sdk.Assets.Model/RequestAsset Cognite.Sdk.Api.AssetExtension::Create(System.String,System.String,System.Int64,System.Int64)
DA:36,0
DA:37,0
DA:38,0
DA:39,0
DA:40,0
DA:41,0
DA:42,0
DA:43,0
DA:44,0
DA:45,0
DA:46,0
DA:47,0
FN:50,Cognite.Sdk.Assets.Model/RequestAsset Cognite.Sdk.Api.AssetExtension::SetMetaData(Cognite.Sdk.Assets.Model/RequestAsset,System.Collections.Generic.Dictionary`2<System.String,System.String>)
FNDA:0,Cognite.Sdk.Assets.Model/RequestAsset Cognite.Sdk.Api.AssetExtension::SetMetaData(Cognite.Sdk.Assets.Model/RequestAsset,System.Collections.Generic.Dictionary`2<System.String,System.String>)
DA:51,0
DA:52,0
DA:53,0
DA:54,0
DA:55,0
FN:58,Cognite.Sdk.Assets.Model/RequestAsset Cognite.Sdk.Api.AssetExtension::SetSource(Cognite.Sdk.Assets.Model/RequestAsset,System.String)
FNDA:0,Cognite.Sdk.Assets.Model/RequestAsset Cognite.Sdk.Api.AssetExtension::SetSource(Cognite.Sdk.Assets.Model/RequestAsset,System.String)
DA:59,0
FN:62,Cognite.Sdk.Assets.Model/RequestAsset Cognite.Sdk.Api.AssetExtension::SetSourceId(Cognite.Sdk.Assets.Model/RequestAsset,System.String)
FNDA:0,Cognite.Sdk.Assets.Model/RequestAsset Cognite.Sdk.Api.AssetExtension::SetSourceId(Cognite.Sdk.Assets.Model/RequestAsset,System.String)
DA:63,0
FN:66,Cognite.Sdk.Assets.Model/RequestAsset Cognite.Sdk.Api.AssetExtension::SetRefId(Cognite.Sdk.Assets.Model/RequestAsset,System.String)
FNDA:0,Cognite.Sdk.Assets.Model/RequestAsset Cognite.Sdk.Api.AssetExtension::SetRefId(Cognite.Sdk.Assets.Model/RequestAsset,System.String)
DA:67,0
FN:70,Cognite.Sdk.Assets.Model/RequestAsset Cognite.Sdk.Api.AssetExtension::SetParentRefId(Cognite.Sdk.Assets.Model/RequestAsset,System.String)
FNDA:0,Cognite.Sdk.Assets.Model/RequestAsset Cognite.Sdk.Api.AssetExtension::SetParentRefId(Cognite.Sdk.Assets.Model/RequestAsset,System.String)
DA:71,0
FN:74,Cognite.Sdk.Assets.Model/RequestAsset Cognite.Sdk.Api.AssetExtension::SetParentName(Cognite.Sdk.Assets.Model/RequestAsset,System.String)
FNDA:0,Cognite.Sdk.Assets.Model/RequestAsset Cognite.Sdk.Api.AssetExtension::SetParentName(Cognite.Sdk.Assets.Model/RequestAsset,System.String)
DA:75,0
FN:78,Cognite.Sdk.Assets.Model/RequestAsset Cognite.Sdk.Api.AssetExtension::SetParentId(Cognite.Sdk.Assets.Model/RequestAsset,System.String)
FNDA:0,Cognite.Sdk.Assets.Model/RequestAsset Cognite.Sdk.Api.AssetExtension::SetParentId(Cognite.Sdk.Assets.Model/RequestAsset,System.String)
DA:79,0
FN:84,Cognite.Sdk.Api.AssetArgs Cognite.Sdk.Api.AssetArgs::Id(System.Int64)
FNDA:0,Cognite.Sdk.Api.AssetArgs Cognite.Sdk.Api.AssetArgs::Id(System.Int64)
DA:85,0
FN:87,Cognite.Sdk.Api.AssetArgs Cognite.Sdk.Api.AssetArgs::Name(System.String)
FNDA:2,Cognite.Sdk.Api.AssetArgs Cognite.Sdk.Api.AssetArgs::Name(System.String)
DA:88,2
FN:90,Cognite.Sdk.Api.AssetArgs Cognite.Sdk.Api.AssetArgs::Description(System.String)
FNDA:0,Cognite.Sdk.Api.AssetArgs Cognite.Sdk.Api.AssetArgs::Description(System.String)
DA:91,0
FN:93,Cognite.Sdk.Api.AssetArgs Cognite.Sdk.Api.AssetArgs::Path(System.String)
FNDA:0,Cognite.Sdk.Api.AssetArgs Cognite.Sdk.Api.AssetArgs::Path(System.String)
DA:94,0
FN:96,Cognite.Sdk.Api.AssetArgs Cognite.Sdk.Api.AssetArgs::MetaData(System.Collections.Generic.Dictionary`2<System.String,System.String>)
FNDA:0,Cognite.Sdk.Api.AssetArgs Cognite.Sdk.Api.AssetArgs::MetaData(System.Collections.Generic.Dictionary`2<System.String,System.String>)
DA:97,0
DA:98,0
DA:99,0
DA:100,0
DA:101,0
DA:102,0
FN:104,Cognite.Sdk.Api.AssetArgs Cognite.Sdk.Api.AssetArgs::Depth(System.Int32)
FNDA:0,Cognite.Sdk.Api.AssetArgs Cognite.Sdk.Api.AssetArgs::Depth(System.Int32)
DA:105,0
FN:106,Microsoft.FSharp.Collections.FSharpList`1<Cognite.Sdk.Assets.Model/GetParams> Cognite.Sdk.Api.AssetArgs::get_Args()
FNDA:2,Microsoft.FSharp.Collections.FSharpList`1<Cognite.Sdk.Assets.Model/GetParams> Cognite.Sdk.Api.AssetArgs::get_Args()
DA:107,2
FN:109,Cognite.Sdk.Api.AssetArgs Cognite.Sdk.Api.AssetArgs::Empty()
FNDA:2,Cognite.Sdk.Api.AssetArgs Cognite.Sdk.Api.AssetArgs::Empty()
DA:110,2
FN:80,System.Void Cognite.Sdk.Api.AssetArgs::.ctor(Microsoft.FSharp.Collections.FSharpList`1<Cognite.Sdk.Assets.Model/GetParams>)
FNDA:4,System.Void Cognite.Sdk.Api.AssetArgs::.ctor(Microsoft.FSharp.Collections.FSharpList`1<Cognite.Sdk.Assets.Model/GetParams>)
DA:81,4
DA:82,4
FN:134,System.Threading.Tasks.Task`1<System.Collections.Generic.List`1<Cognite.Sdk.Assets.Model/ResponseAsset>> Cognite.Sdk.Api.ClientExtensions::GetAssets(Cognite.Sdk.Api.Client,Cognite.Sdk.Api.AssetArgs)
FNDA:2,System.Threading.Tasks.Task`1<System.Collections.Generic.List`1<Cognite.Sdk.Assets.Model/ResponseAsset>> Cognite.Sdk.Api.ClientExtensions::GetAssets(Cognite.Sdk.Api.Client,Cognite.Sdk.Api.AssetArgs)
DA:135,2
FN:152,System.Threading.Tasks.Task`1<Cognite.Sdk.Assets.Model/ResponseAsset> Cognite.Sdk.Api.ClientExtensions::GetAsset(Cognite.Sdk.Api.Client,System.Int64)
FNDA:2,System.Threading.Tasks.Task`1<Cognite.Sdk.Assets.Model/ResponseAsset> Cognite.Sdk.Api.ClientExtensions::GetAsset(Cognite.Sdk.Api.Client,System.Int64)
DA:153,2
FN:170,System.Threading.Tasks.Task`1<System.Collections.Generic.List`1<Cognite.Sdk.Assets.Model/ResponseAsset>> Cognite.Sdk.Api.ClientExtensions::CreateAssets(Cognite.Sdk.Api.Client,Cognite.Sdk.Assets.Model/RequestAsset)
FNDA:0,System.Threading.Tasks.Task`1<System.Collections.Generic.List`1<Cognite.Sdk.Assets.Model/ResponseAsset>> Cognite.Sdk.Api.ClientExtensions::CreateAssets(Cognite.Sdk.Api.Client,Cognite.Sdk.Assets.Model/RequestAsset)
DA:171,0
FN:129,Microsoft.FSharp.Control.AsyncReturn <StartupCode$CogniteNetSdk>.$Assets/worker@130-3::Invoke(Microsoft.FSharp.Control.AsyncActivation`1<System.Collections.Generic.List`1<Cognite.Sdk.Assets.Model/ResponseAsset>>)
FNDA:2,Microsoft.FSharp.Control.AsyncReturn <StartupCode$CogniteNetSdk>.$Assets/worker@130-3::Invoke(Microsoft.FSharp.Control.AsyncActivation`1<System.Collections.Generic.List`1<Cognite.Sdk.Assets.Model/ResponseAsset>>)
DA:130,2
FN:131,Microsoft.FSharp.Control.AsyncReturn <StartupCode$CogniteNetSdk>.$Assets/worker@132-4::Invoke(Microsoft.FSharp.Control.AsyncActivation`1<System.Collections.Generic.List`1<Cognite.Sdk.Assets.Model/ResponseAsset>>)
FNDA:1,Microsoft.FSharp.Control.AsyncReturn <StartupCode$CogniteNetSdk>.$Assets/worker@132-4::Invoke(Microsoft.FSharp.Control.AsyncActivation`1<System.Collections.Generic.List`1<Cognite.Sdk.Assets.Model/ResponseAsset>>)
DA:132,1
FN:126,Microsoft.FSharp.Control.FSharpAsync`1<System.Collections.Generic.List`1<Cognite.Sdk.Assets.Model/ResponseAsset>> <StartupCode$CogniteNetSdk>.$Assets/worker@128-2::Invoke(Microsoft.FSharp.Core.FSharpResult`2<Microsoft.FSharp.Collections.FSharpList`1<Cognite.Sdk.Assets.Model/ResponseAsset>,System.Exception>)
FNDA:6,Microsoft.FSharp.Control.FSharpAsync`1<System.Collections.Generic.List`1<Cognite.Sdk.Assets.Model/ResponseAsset>> <StartupCode$CogniteNetSdk>.$Assets/worker@128-2::Invoke(Microsoft.FSharp.Core.FSharpResult`2<Microsoft.FSharp.Collections.FSharpList`1<Cognite.Sdk.Assets.Model/ResponseAsset>,System.Exception>)
DA:127,6
DA:128,3
BRDA:128,12,1,1
BRDA:128,12,0,1
BRDA:132,70,0,0
BRDA:132,70,1,1
FN:125,Microsoft.FSharp.Control.FSharpAsync`1<System.Collections.Generic.List`1<Cognite.Sdk.Assets.Model/ResponseAsset>> <StartupCode$CogniteNetSdk>.$Assets/worker@126::Invoke(Microsoft.FSharp.Core.Unit)
FNDA:2,Microsoft.FSharp.Control.FSharpAsync`1<System.Collections.Generic.List`1<Cognite.Sdk.Assets.Model/ResponseAsset>> <StartupCode$CogniteNetSdk>.$Assets/worker@126::Invoke(Microsoft.FSharp.Core.Unit)
DA:126,2
FN:147,Microsoft.FSharp.Control.AsyncReturn <StartupCode$CogniteNetSdk>.$Assets/worker@148-9::Invoke(Microsoft.FSharp.Control.AsyncActivation`1<Cognite.Sdk.Assets.Model/ResponseAsset>)
FNDA:2,Microsoft.FSharp.Control.AsyncReturn <StartupCode$CogniteNetSdk>.$Assets/worker@148-9::Invoke(Microsoft.FSharp.Control.AsyncActivation`1<Cognite.Sdk.Assets.Model/ResponseAsset>)
DA:148,2
FN:149,Microsoft.FSharp.Control.AsyncReturn <StartupCode$CogniteNetSdk>.$Assets/worker@150-10::Invoke(Microsoft.FSharp.Control.AsyncActivation`1<Cognite.Sdk.Assets.Model/ResponseAsset>)
FNDA:1,Microsoft.FSharp.Control.AsyncReturn <StartupCode$CogniteNetSdk>.$Assets/worker@150-10::Invoke(Microsoft.FSharp.Control.AsyncActivation`1<Cognite.Sdk.Assets.Model/ResponseAsset>)
DA:150,1
FN:144,Microsoft.FSharp.Control.FSharpAsync`1<Cognite.Sdk.Assets.Model/ResponseAsset> <StartupCode$CogniteNetSdk>.$Assets/worker@146-8::Invoke(Microsoft.FSharp.Core.FSharpResult`2<Cognite.Sdk.Assets.Model/ResponseAsset,System.Exception>)
FNDA:6,Microsoft.FSharp.Control.FSharpAsync`1<Cognite.Sdk.Assets.Model/ResponseAsset> <StartupCode$CogniteNetSdk>.$Assets/worker@146-8::Invoke(Microsoft.FSharp.Core.FSharpResult`2<Cognite.Sdk.Assets.Model/ResponseAsset,System.Exception>)
DA:145,6
DA:146,3
BRDA:146,12,1,1
BRDA:146,12,0,1
BRDA:150,65,0,0
BRDA:150,65,1,1
FN:143,Microsoft.FSharp.Control.FSharpAsync`1<Cognite.Sdk.Assets.Model/ResponseAsset> <StartupCode$CogniteNetSdk>.$Assets/worker@144-6::Invoke(Microsoft.FSharp.Core.Unit)
FNDA:2,Microsoft.FSharp.Control.FSharpAsync`1<Cognite.Sdk.Assets.Model/ResponseAsset> <StartupCode$CogniteNetSdk>.$Assets/worker@144-6::Invoke(Microsoft.FSharp.Core.Unit)
DA:144,2
FN:165,Microsoft.FSharp.Control.AsyncReturn <StartupCode$CogniteNetSdk>.$Assets/worker@166-15::Invoke(Microsoft.FSharp.Control.AsyncActivation`1<System.Collections.Generic.List`1<Cognite.Sdk.Assets.Model/ResponseAsset>>)
FNDA:0,Microsoft.FSharp.Control.AsyncReturn <StartupCode$CogniteNetSdk>.$Assets/worker@166-15::Invoke(Microsoft.FSharp.Control.AsyncActivation`1<System.Collections.Generic.List`1<Cognite.Sdk.Assets.Model/ResponseAsset>>)
DA:166,0
FN:167,Microsoft.FSharp.Control.AsyncReturn <StartupCode$CogniteNetSdk>.$Assets/worker@168-16::Invoke(Microsoft.FSharp.Control.AsyncActivation`1<System.Collections.Generic.List`1<Cognite.Sdk.Assets.Model/ResponseAsset>>)
FNDA:0,Microsoft.FSharp.Control.AsyncReturn <StartupCode$CogniteNetSdk>.$Assets/worker@168-16::Invoke(Microsoft.FSharp.Control.AsyncActivation`1<System.Collections.Generic.List`1<Cognite.Sdk.Assets.Model/ResponseAsset>>)
DA:168,0
FN:162,Microsoft.FSharp.Control.FSharpAsync`1<System.Collections.Generic.List`1<Cognite.Sdk.Assets.Model/ResponseAsset>> <StartupCode$CogniteNetSdk>.$Assets/worker@164-14::Invoke(Microsoft.FSharp.Core.FSharpResult`2<Microsoft.FSharp.Collections.FSharpList`1<Cognite.Sdk.Assets.Model/ResponseAsset>,System.Exception>)
FNDA:0,Microsoft.FSharp.Control.FSharpAsync`1<System.Collections.Generic.List`1<Cognite.Sdk.Assets.Model/ResponseAsset>> <StartupCode$CogniteNetSdk>.$Assets/worker@164-14::Invoke(Microsoft.FSharp.Core.FSharpResult`2<Microsoft.FSharp.Collections.FSharpList`1<Cognite.Sdk.Assets.Model/ResponseAsset>,System.Exception>)
DA:163,0
DA:164,0
BRDA:164,12,1,0
BRDA:164,12,0,0
BRDA:168,70,0,0
BRDA:168,70,1,0
FN:161,Microsoft.FSharp.Control.FSharpAsync`1<System.Collections.Generic.List`1<Cognite.Sdk.Assets.Model/ResponseAsset>> <StartupCode$CogniteNetSdk>.$Assets/worker@162-12::Invoke(Microsoft.FSharp.Core.Unit)
FNDA:0,Microsoft.FSharp.Control.FSharpAsync`1<System.Collections.Generic.List`1<Cognite.Sdk.Assets.Model/ResponseAsset>> <StartupCode$CogniteNetSdk>.$Assets/worker@162-12::Invoke(Microsoft.FSharp.Core.Unit)
DA:162,0
LF:62
LH:17
BRF:14
BRH:6
FNF:35
FNH:14
end_of_record
SF:/Users/dbrattli/Developer/GitHub/CogniteNetSdk/src/assets/Methods.fs
FN:27,Microsoft.FSharp.Control.FSharpAsync`1<Microsoft.FSharp.Core.FSharpResult`2<Microsoft.FSharp.Collections.FSharpList`1<Cognite.Sdk.Assets.Model/ResponseAsset>,System.Exception>> Cognite.Sdk.Assets.Methods::getAssets(Cognite.Sdk.Context,Microsoft.FSharp.Collections.FSharpList`1<Cognite.Sdk.Assets.Model/GetParams>)
FNDA:2,Microsoft.FSharp.Control.FSharpAsync`1<Microsoft.FSharp.Core.FSharpResult`2<Microsoft.FSharp.Collections.FSharpList`1<Cognite.Sdk.Assets.Model/ResponseAsset>,System.Exception>> Cognite.Sdk.Assets.Methods::getAssets(Cognite.Sdk.Context,Microsoft.FSharp.Collections.FSharpList`1<Cognite.Sdk.Assets.Model/GetParams>)
DA:28,2
FN:53,Microsoft.FSharp.Control.FSharpAsync`1<Microsoft.FSharp.Core.FSharpResult`2<Cognite.Sdk.Assets.Model/ResponseAsset,System.Exception>> Cognite.Sdk.Assets.Methods::getAsset(Cognite.Sdk.Context,System.Int64)
FNDA:2,Microsoft.FSharp.Control.FSharpAsync`1<Microsoft.FSharp.Core.FSharpResult`2<Cognite.Sdk.Assets.Model/ResponseAsset,System.Exception>> Cognite.Sdk.Assets.Methods::getAsset(Cognite.Sdk.Context,System.Int64)
DA:54,2
FN:78,Microsoft.FSharp.Control.FSharpAsync`1<Microsoft.FSharp.Core.FSharpResult`2<Microsoft.FSharp.Collections.FSharpList`1<Cognite.Sdk.Assets.Model/ResponseAsset>,System.Exception>> Cognite.Sdk.Assets.Methods::createAssets(Cognite.Sdk.Context,Microsoft.FSharp.Collections.FSharpList`1<Cognite.Sdk.Assets.Model/RequestAsset>)
FNDA:0,Microsoft.FSharp.Control.FSharpAsync`1<Microsoft.FSharp.Core.FSharpResult`2<Microsoft.FSharp.Collections.FSharpList`1<Cognite.Sdk.Assets.Model/ResponseAsset>,System.Exception>> Cognite.Sdk.Assets.Methods::createAssets(Cognite.Sdk.Context,Microsoft.FSharp.Collections.FSharpList`1<Cognite.Sdk.Assets.Model/RequestAsset>)
DA:79,0
FN:105,Microsoft.FSharp.Control.FSharpAsync`1<Microsoft.FSharp.Core.FSharpResult`2<System.String,System.Exception>> Cognite.Sdk.Assets.Methods::deleteAssets(Cognite.Sdk.Context,Microsoft.FSharp.Collections.FSharpList`1<System.Int64>)
FNDA:0,Microsoft.FSharp.Control.FSharpAsync`1<Microsoft.FSharp.Core.FSharpResult`2<System.String,System.Exception>> Cognite.Sdk.Assets.Methods::deleteAssets(Cognite.Sdk.Context,Microsoft.FSharp.Collections.FSharpList`1<System.Int64>)
DA:106,0
FN:133,Microsoft.FSharp.Control.FSharpAsync`1<Microsoft.FSharp.Core.FSharpResult`2<System.String,System.Exception>> Cognite.Sdk.Assets.Methods::updateAsset(Cognite.Sdk.Context,System.Int64,Microsoft.FSharp.Collections.FSharpList`1<Cognite.Sdk.Assets.Model/UpdateParams>)
FNDA:0,Microsoft.FSharp.Control.FSharpAsync`1<Microsoft.FSharp.Core.FSharpResult`2<System.String,System.Exception>> Cognite.Sdk.Assets.Methods::updateAsset(Cognite.Sdk.Context,System.Int64,Microsoft.FSharp.Collections.FSharpList`1<Cognite.Sdk.Assets.Model/UpdateParams>)
DA:134,0
FN:164,Microsoft.FSharp.Control.FSharpAsync`1<Microsoft.FSharp.Core.FSharpResult`2<System.String,System.Exception>> Cognite.Sdk.Assets.Methods::updateAssets(Cognite.Sdk.Context,Microsoft.FSharp.Collections.FSharpList`1<System.Tuple`2<System.Int64,Microsoft.FSharp.Collections.FSharpList`1<Cognite.Sdk.Assets.Model/UpdateParams>>>)
FNDA:0,Microsoft.FSharp.Control.FSharpAsync`1<Microsoft.FSharp.Core.FSharpResult`2<System.String,System.Exception>> Cognite.Sdk.Assets.Methods::updateAssets(Cognite.Sdk.Context,Microsoft.FSharp.Collections.FSharpList`1<System.Tuple`2<System.Int64,Microsoft.FSharp.Collections.FSharpList`1<Cognite.Sdk.Assets.Model/UpdateParams>>>)
DA:165,0
FN:28,System.Tuple`2<System.String,System.String> Cognite.Sdk.Assets.Methods/query@29::Invoke(Cognite.Sdk.Assets.Model/GetParams)
FNDA:4,System.Tuple`2<System.String,System.String> Cognite.Sdk.Assets.Methods/query@29::Invoke(Cognite.Sdk.Assets.Model/GetParams)
DA:29,4
FN:39,Microsoft.FSharp.Collections.FSharpList`1<Cognite.Sdk.Assets.Model/ResponseAsset> Cognite.Sdk.Assets.Methods/getAssets@40-2::Invoke(Cognite.Sdk.Assets.Model/AssetResponse)
FNDA:5,Microsoft.FSharp.Collections.FSharpList`1<Cognite.Sdk.Assets.Model/ResponseAsset> Cognite.Sdk.Assets.Methods/getAssets@40-2::Invoke(Cognite.Sdk.Assets.Model/AssetResponse)
DA:40,5
FN:37,Microsoft.FSharp.Control.AsyncReturn Cognite.Sdk.Assets.Methods/getAssets@38-3::Invoke(Microsoft.FSharp.Control.AsyncActivation`1<Microsoft.FSharp.Core.FSharpResult`2<Microsoft.FSharp.Collections.FSharpList`1<Cognite.Sdk.Assets.Model/ResponseAsset>,System.Exception>>)
FNDA:4,Microsoft.FSharp.Control.AsyncReturn Cognite.Sdk.Assets.Methods/getAssets@38-3::Invoke(Microsoft.FSharp.Control.AsyncActivation`1<Microsoft.FSharp.Core.FSharpResult`2<Microsoft.FSharp.Collections.FSharpList`1<Cognite.Sdk.Assets.Model/ResponseAsset>,System.Exception>>)
DA:38,4
DA:39,4
FN:30,Microsoft.FSharp.Control.FSharpAsync`1<Microsoft.FSharp.Core.FSharpResult`2<Microsoft.FSharp.Collections.FSharpList`1<Cognite.Sdk.Assets.Model/ResponseAsset>,System.Exception>> Cognite.Sdk.Assets.Methods/getAssets@38-1::Invoke(Microsoft.FSharp.Core.FSharpResult`2<System.String,System.Exception>)
FNDA:6,Microsoft.FSharp.Control.FSharpAsync`1<Microsoft.FSharp.Core.FSharpResult`2<Microsoft.FSharp.Collections.FSharpList`1<Cognite.Sdk.Assets.Model/ResponseAsset>,System.Exception>> Cognite.Sdk.Assets.Methods/getAssets@38-1::Invoke(Microsoft.FSharp.Core.FSharpResult`2<System.String,System.Exception>)
DA:31,6
DA:32,6
DA:33,6
DA:34,6
DA:35,6
DA:36,6
FN:29,Microsoft.FSharp.Control.FSharpAsync`1<Microsoft.FSharp.Core.FSharpResult`2<Microsoft.FSharp.Collections.FSharpList`1<Cognite.Sdk.Assets.Model/ResponseAsset>,System.Exception>> Cognite.Sdk.Assets.Methods/getAssets@29::Invoke(Microsoft.FSharp.Core.Unit)
FNDA:2,Microsoft.FSharp.Control.FSharpAsync`1<Microsoft.FSharp.Core.FSharpResult`2<Microsoft.FSharp.Collections.FSharpList`1<Cognite.Sdk.Assets.Model/ResponseAsset>,System.Exception>> Cognite.Sdk.Assets.Methods/getAssets@29::Invoke(Microsoft.FSharp.Core.Unit)
DA:30,2
FN:64,Cognite.Sdk.Assets.Model/ResponseAsset Cognite.Sdk.Assets.Methods/getAsset@65-2::Invoke(Cognite.Sdk.Assets.Model/AssetResponse)
FNDA:5,Cognite.Sdk.Assets.Model/ResponseAsset Cognite.Sdk.Assets.Methods/getAsset@65-2::Invoke(Cognite.Sdk.Assets.Model/AssetResponse)
DA:65,5
FN:62,Microsoft.FSharp.Control.AsyncReturn Cognite.Sdk.Assets.Methods/getAsset@63-3::Invoke(Microsoft.FSharp.Control.AsyncActivation`1<Microsoft.FSharp.Core.FSharpResult`2<Cognite.Sdk.Assets.Model/ResponseAsset,System.Exception>>)
FNDA:4,Microsoft.FSharp.Control.AsyncReturn Cognite.Sdk.Assets.Methods/getAsset@63-3::Invoke(Microsoft.FSharp.Control.AsyncActivation`1<Microsoft.FSharp.Core.FSharpResult`2<Cognite.Sdk.Assets.Model/ResponseAsset,System.Exception>>)
DA:63,4
DA:64,4
FN:56,Microsoft.FSharp.Control.FSharpAsync`1<Microsoft.FSharp.Core.FSharpResult`2<Cognite.Sdk.Assets.Model/ResponseAsset,System.Exception>> Cognite.Sdk.Assets.Methods/getAsset@63-1::Invoke(Microsoft.FSharp.Core.FSharpResult`2<System.String,System.Exception>)
FNDA:6,Microsoft.FSharp.Control.FSharpAsync`1<Microsoft.FSharp.Core.FSharpResult`2<Cognite.Sdk.Assets.Model/ResponseAsset,System.Exception>> Cognite.Sdk.Assets.Methods/getAsset@63-1::Invoke(Microsoft.FSharp.Core.FSharpResult`2<System.String,System.Exception>)
DA:57,6
DA:58,6
DA:59,6
DA:60,6
DA:61,6
FN:54,Microsoft.FSharp.Control.FSharpAsync`1<Microsoft.FSharp.Core.FSharpResult`2<Cognite.Sdk.Assets.Model/ResponseAsset,System.Exception>> Cognite.Sdk.Assets.Methods/getAsset@55::Invoke(Microsoft.FSharp.Core.Unit)
FNDA:2,Microsoft.FSharp.Control.FSharpAsync`1<Microsoft.FSharp.Core.FSharpResult`2<Cognite.Sdk.Assets.Model/ResponseAsset,System.Exception>> Cognite.Sdk.Assets.Methods/getAsset@55::Invoke(Microsoft.FSharp.Core.Unit)
DA:55,2
FN:91,Microsoft.FSharp.Collections.FSharpList`1<Cognite.Sdk.Assets.Model/ResponseAsset> Cognite.Sdk.Assets.Methods/createAssets@92-2::Invoke(Cognite.Sdk.Assets.Model/AssetResponse)
FNDA:0,Microsoft.FSharp.Collections.FSharpList`1<Cognite.Sdk.Assets.Model/ResponseAsset> Cognite.Sdk.Assets.Methods/createAssets@92-2::Invoke(Cognite.Sdk.Assets.Model/AssetResponse)
DA:92,0
FN:89,Microsoft.FSharp.Control.AsyncReturn Cognite.Sdk.Assets.Methods/createAssets@90-3::Invoke(Microsoft.FSharp.Control.AsyncActivation`1<Microsoft.FSharp.Core.FSharpResult`2<Microsoft.FSharp.Collections.FSharpList`1<Cognite.Sdk.Assets.Model/ResponseAsset>,System.Exception>>)
FNDA:0,Microsoft.FSharp.Control.AsyncReturn Cognite.Sdk.Assets.Methods/createAssets@90-3::Invoke(Microsoft.FSharp.Control.AsyncActivation`1<Microsoft.FSharp.Core.FSharpResult`2<Microsoft.FSharp.Collections.FSharpList`1<Cognite.Sdk.Assets.Model/ResponseAsset>,System.Exception>>)
DA:90,0
DA:91,0
FN:83,Microsoft.FSharp.Control.FSharpAsync`1<Microsoft.FSharp.Core.FSharpResult`2<Microsoft.FSharp.Collections.FSharpList`1<Cognite.Sdk.Assets.Model/ResponseAsset>,System.Exception>> Cognite.Sdk.Assets.Methods/createAssets@90-1::Invoke(Microsoft.FSharp.Core.FSharpResult`2<System.String,System.Exception>)
FNDA:0,Microsoft.FSharp.Control.FSharpAsync`1<Microsoft.FSharp.Core.FSharpResult`2<Microsoft.FSharp.Collections.FSharpList`1<Cognite.Sdk.Assets.Model/ResponseAsset>,System.Exception>> Cognite.Sdk.Assets.Methods/createAssets@90-1::Invoke(Microsoft.FSharp.Core.FSharpResult`2<System.String,System.Exception>)
DA:84,0
DA:85,0
DA:86,0
DA:87,0
DA:88,0
DA:89,0
FN:79,Microsoft.FSharp.Control.FSharpAsync`1<Microsoft.FSharp.Core.FSharpResult`2<Microsoft.FSharp.Collections.FSharpList`1<Cognite.Sdk.Assets.Model/ResponseAsset>,System.Exception>> Cognite.Sdk.Assets.Methods/createAssets@80::Invoke(Microsoft.FSharp.Core.Unit)
FNDA:0,Microsoft.FSharp.Control.FSharpAsync`1<Microsoft.FSharp.Core.FSharpResult`2<Microsoft.FSharp.Collections.FSharpList`1<Cognite.Sdk.Assets.Model/ResponseAsset>,System.Exception>> Cognite.Sdk.Assets.Methods/createAssets@80::Invoke(Microsoft.FSharp.Core.Unit)
DA:80,0
DA:81,0
DA:82,0
FN:107,Newtonsoft.Json.Linq.JToken Cognite.Sdk.Assets.Methods/encoder@108::Invoke(System.Int64)
FNDA:0,Newtonsoft.Json.Linq.JToken Cognite.Sdk.Assets.Methods/encoder@108::Invoke(System.Int64)
DA:108,0
FN:118,Microsoft.FSharp.Control.AsyncReturn Cognite.Sdk.Assets.Methods/deleteAssets@119-2::Invoke(Microsoft.FSharp.Control.AsyncActivation`1<Microsoft.FSharp.Core.FSharpResult`2<System.String,System.Exception>>)
FNDA:0,Microsoft.FSharp.Control.AsyncReturn Cognite.Sdk.Assets.Methods/deleteAssets@119-2::Invoke(Microsoft.FSharp.Control.AsyncActivation`1<Microsoft.FSharp.Core.FSharpResult`2<System.String,System.Exception>>)
DA:119,0
FN:112,Microsoft.FSharp.Control.FSharpAsync`1<Microsoft.FSharp.Core.FSharpResult`2<System.String,System.Exception>> Cognite.Sdk.Assets.Methods/deleteAssets@119-1::Invoke(Microsoft.FSharp.Core.FSharpResult`2<System.String,System.Exception>)
FNDA:0,Microsoft.FSharp.Control.FSharpAsync`1<Microsoft.FSharp.Core.FSharpResult`2<System.String,System.Exception>> Cognite.Sdk.Assets.Methods/deleteAssets@119-1::Invoke(Microsoft.FSharp.Core.FSharpResult`2<System.String,System.Exception>)
DA:113,0
DA:114,0
DA:115,0
DA:116,0
DA:117,0
DA:118,0
FN:106,Microsoft.FSharp.Control.FSharpAsync`1<Microsoft.FSharp.Core.FSharpResult`2<System.String,System.Exception>> Cognite.Sdk.Assets.Methods/deleteAssets@107::Invoke(Microsoft.FSharp.Core.Unit)
FNDA:0,Microsoft.FSharp.Control.FSharpAsync`1<Microsoft.FSharp.Core.FSharpResult`2<System.String,System.Exception>> Cognite.Sdk.Assets.Methods/deleteAssets@107::Invoke(Microsoft.FSharp.Core.Unit)
DA:107,0
DA:109,0
DA:110,0
DA:111,0
FN:135,System.Int32 Cognite.Sdk.Assets.Methods/encoder@136-1::GenerateNext(System.Collections.Generic.IEnumerable`1<System.Tuple`2<System.String,Newtonsoft.Json.Linq.JToken>>&)
FNDA:0,System.Int32 Cognite.Sdk.Assets.Methods/encoder@136-1::GenerateNext(System.Collections.Generic.IEnumerable`1<System.Tuple`2<System.String,Newtonsoft.Json.Linq.JToken>>&)
DA:136,0
DA:137,0
DA:138,0
BRDA:136,8,1,0
BRDA:136,8,2,0
BRDA:136,8,3,0
BRDA:136,8,4,0
BRDA:136,8,0,0
BRDA:137,129,0,0
BRDA:137,129,1,0
FN:149,Microsoft.FSharp.Control.AsyncReturn Cognite.Sdk.Assets.Methods/updateAsset@150-2::Invoke(Microsoft.FSharp.Control.AsyncActivation`1<Microsoft.FSharp.Core.FSharpResult`2<System.String,System.Exception>>)
FNDA:0,Microsoft.FSharp.Control.AsyncReturn Cognite.Sdk.Assets.Methods/updateAsset@150-2::Invoke(Microsoft.FSharp.Control.AsyncActivation`1<Microsoft.FSharp.Core.FSharpResult`2<System.String,System.Exception>>)
DA:150,0
FN:143,Microsoft.FSharp.Control.FSharpAsync`1<Microsoft.FSharp.Core.FSharpResult`2<System.String,System.Exception>> Cognite.Sdk.Assets.Methods/updateAsset@150-1::Invoke(Microsoft.FSharp.Core.FSharpResult`2<System.String,System.Exception>)
FNDA:0,Microsoft.FSharp.Control.FSharpAsync`1<Microsoft.FSharp.Core.FSharpResult`2<System.String,System.Exception>> Cognite.Sdk.Assets.Methods/updateAsset@150-1::Invoke(Microsoft.FSharp.Core.FSharpResult`2<System.String,System.Exception>)
DA:144,0
DA:145,0
DA:146,0
DA:147,0
DA:148,0
DA:149,0
FN:134,Microsoft.FSharp.Control.FSharpAsync`1<Microsoft.FSharp.Core.FSharpResult`2<System.String,System.Exception>> Cognite.Sdk.Assets.Methods/updateAsset@135::Invoke(Microsoft.FSharp.Core.Unit)
FNDA:0,Microsoft.FSharp.Control.FSharpAsync`1<Microsoft.FSharp.Core.FSharpResult`2<System.String,System.Exception>> Cognite.Sdk.Assets.Methods/updateAsset@135::Invoke(Microsoft.FSharp.Core.Unit)
DA:135,0
DA:139,0
DA:141,0
DA:142,0
FN:166,System.Int32 Cognite.Sdk.Assets.Methods/encoder@167-2::GenerateNext(System.Collections.Generic.IEnumerable`1<System.Tuple`2<System.String,Newtonsoft.Json.Linq.JToken>>&)
FNDA:0,System.Int32 Cognite.Sdk.Assets.Methods/encoder@167-2::GenerateNext(System.Collections.Generic.IEnumerable`1<System.Tuple`2<System.String,Newtonsoft.Json.Linq.JToken>>&)
DA:167,0
DA:168,0
DA:169,0
DA:170,0
BRDA:167,8,1,0
BRDA:167,8,2,0
BRDA:167,8,3,0
BRDA:167,8,4,0
BRDA:167,8,5,0
BRDA:167,8,0,0
BRDA:167,111,0,0
BRDA:169,238,0,0
BRDA:169,238,1,0
BRDA:167,111,1,0
FN:181,Microsoft.FSharp.Control.AsyncReturn Cognite.Sdk.Assets.Methods/updateAssets@182-2::Invoke(Microsoft.FSharp.Control.AsyncActivation`1<Microsoft.FSharp.Core.FSharpResult`2<System.String,System.Exception>>)
FNDA:0,Microsoft.FSharp.Control.AsyncReturn Cognite.Sdk.Assets.Methods/updateAssets@182-2::Invoke(Microsoft.FSharp.Control.AsyncActivation`1<Microsoft.FSharp.Core.FSharpResult`2<System.String,System.Exception>>)
DA:182,0
FN:175,Microsoft.FSharp.Control.FSharpAsync`1<Microsoft.FSharp.Core.FSharpResult`2<System.String,System.Exception>> Cognite.Sdk.Assets.Methods/updateAssets@182-1::Invoke(Microsoft.FSharp.Core.FSharpResult`2<System.String,System.Exception>)
FNDA:0,Microsoft.FSharp.Control.FSharpAsync`1<Microsoft.FSharp.Core.FSharpResult`2<System.String,System.Exception>> Cognite.Sdk.Assets.Methods/updateAssets@182-1::Invoke(Microsoft.FSharp.Core.FSharpResult`2<System.String,System.Exception>)
DA:176,0
DA:177,0
DA:178,0
DA:179,0
DA:180,0
DA:181,0
FN:165,Microsoft.FSharp.Control.FSharpAsync`1<Microsoft.FSharp.Core.FSharpResult`2<System.String,System.Exception>> Cognite.Sdk.Assets.Methods/updateAssets@166::Invoke(Microsoft.FSharp.Core.Unit)
FNDA:0,Microsoft.FSharp.Control.FSharpAsync`1<Microsoft.FSharp.Core.FSharpResult`2<System.String,System.Exception>> Cognite.Sdk.Assets.Methods/updateAssets@166::Invoke(Microsoft.FSharp.Core.Unit)
DA:166,0
DA:171,0
DA:173,0
DA:174,0
LF:79
LH:22
BRF:25
BRH:0
FNF:31
FNH:11
end_of_record
SF:/Users/dbrattli/Developer/GitHub/CogniteNetSdk/src/assets/Json.fs
FN:40,Newtonsoft.Json.Linq.JToken Cognite.Sdk.Assets.AssetsExtensions::RequestAsset.get_Encoder(Cognite.Sdk.Assets.Model/RequestAsset)
FNDA:0,Newtonsoft.Json.Linq.JToken Cognite.Sdk.Assets.AssetsExtensions::RequestAsset.get_Encoder(Cognite.Sdk.Assets.Model/RequestAsset)
DA:41,0
DA:42,0
DA:43,0
DA:44,0
DA:45,0
DA:46,0
DA:47,0
DA:48,0
DA:49,0
DA:50,0
DA:51,0
DA:52,0
DA:53,0
DA:54,0
DA:55,0
DA:56,0
DA:57,0
DA:58,0
DA:59,0
DA:60,0
DA:61,0
DA:62,0
DA:63,0
FN:65,Newtonsoft.Json.Linq.JToken Cognite.Sdk.Assets.AssetsExtensions::AssetsRequest.get_Encoder(Cognite.Sdk.Assets.Model/AssetsRequest)
FNDA:0,Newtonsoft.Json.Linq.JToken Cognite.Sdk.Assets.AssetsExtensions::AssetsRequest.get_Encoder(Cognite.Sdk.Assets.Model/AssetsRequest)
DA:66,0
DA:67,0
DA:68,0
FN:70,System.Tuple`2<System.String,System.String> Cognite.Sdk.Assets.AssetsExtensions::renderParams(Cognite.Sdk.Assets.Model/GetParams)
FNDA:4,System.Tuple`2<System.String,System.String> Cognite.Sdk.Assets.AssetsExtensions::renderParams(Cognite.Sdk.Assets.Model/GetParams)
DA:71,4
DA:72,0
DA:73,2
DA:74,0
DA:75,0
DA:77,0
DA:78,0
DA:79,0
DA:80,0
DA:81,0
DA:82,0
DA:83,0
BRDA:71,8,0,0
BRDA:71,8,1,0
BRDA:71,8,2,2
BRDA:71,8,3,0
BRDA:71,8,4,0
BRDA:71,8,5,0
BRDA:71,8,6,0
BRDA:71,8,7,0
BRDA:71,8,8,0
BRDA:71,8,9,0
BRDA:71,8,10,0
FN:85,System.Tuple`2<System.String,Newtonsoft.Json.Linq.JToken> Cognite.Sdk.Assets.AssetsExtensions::renderUpdateFields(Cognite.Sdk.Assets.Model/UpdateParams)
FNDA:0,System.Tuple`2<System.String,Newtonsoft.Json.Linq.JToken> Cognite.Sdk.Assets.AssetsExtensions::renderUpdateFields(Cognite.Sdk.Assets.Model/UpdateParams)
DA:86,0
DA:88,0
DA:89,0
DA:90,0
DA:92,0
DA:93,0
DA:94,0
DA:95,0
DA:96,0
DA:98,0
DA:99,0
DA:100,0
DA:101,0
DA:102,0
DA:104,0
DA:105,0
DA:106,0
DA:107,0
DA:108,0
DA:110,0
DA:111,0
DA:112,0
DA:113,0
DA:114,0
BRDA:86,8,0,0
BRDA:86,8,1,0
BRDA:86,8,2,0
BRDA:86,8,3,0
BRDA:86,8,4,0
BRDA:86,8,5,0
FN:117,Microsoft.FSharp.Core.FSharpResult`2<a,System.Exception> Cognite.Sdk.Assets.AssetsExtensions::decodeResponse(Microsoft.FSharp.Core.FSharpFunc`2<System.String,Microsoft.FSharp.Core.FSharpFunc`2<Newtonsoft.Json.Linq.JToken,Microsoft.FSharp.Core.FSharpResult`2<a,System.Tuple`2<System.String,Thoth.Json.Net.Decode/ErrorReason>>>>,Microsoft.FSharp.Core.FSharpResult`2<System.String,System.Exception>)
FNDA:4,Microsoft.FSharp.Core.FSharpResult`2<a,System.Exception> Cognite.Sdk.Assets.AssetsExtensions::decodeResponse(Microsoft.FSharp.Core.FSharpFunc`2<System.String,Microsoft.FSharp.Core.FSharpFunc`2<Newtonsoft.Json.Linq.JToken,Microsoft.FSharp.Core.FSharpResult`2<a,System.Tuple`2<System.String,Thoth.Json.Net.Decode/ErrorReason>>>>,Microsoft.FSharp.Core.FSharpResult`2<System.String,System.Exception>)
DA:118,4
DA:119,4
DA:120,8
DA:121,10
DA:122,6
DA:123,6
DA:124,4
FN:11,Microsoft.FSharp.Core.FSharpResult`2<System.Int64,System.Tuple`2<System.String,Thoth.Json.Net.Decode/ErrorReason>> Cognite.Sdk.Assets.AssetsExtensions/ResponseAsset-get_Decoder-Static@12-1::Invoke(System.String,Newtonsoft.Json.Linq.JToken)
FNDA:10,Microsoft.FSharp.Core.FSharpResult`2<System.Int64,System.Tuple`2<System.String,Thoth.Json.Net.Decode/ErrorReason>> Cognite.Sdk.Assets.AssetsExtensions/ResponseAsset-get_Decoder-Static@12-1::Invoke(System.String,Newtonsoft.Json.Linq.JToken)
DA:12,10
FN:12,Microsoft.FSharp.Core.FSharpResult`2<System.String,System.Tuple`2<System.String,Thoth.Json.Net.Decode/ErrorReason>> Cognite.Sdk.Assets.AssetsExtensions/ResponseAsset-get_Decoder-Static@13-2::Invoke(System.String,Newtonsoft.Json.Linq.JToken)
FNDA:10,Microsoft.FSharp.Core.FSharpResult`2<System.String,System.Tuple`2<System.String,Thoth.Json.Net.Decode/ErrorReason>> Cognite.Sdk.Assets.AssetsExtensions/ResponseAsset-get_Decoder-Static@13-2::Invoke(System.String,Newtonsoft.Json.Linq.JToken)
DA:13,10
FN:13,Microsoft.FSharp.Core.FSharpResult`2<System.String,System.Tuple`2<System.String,Thoth.Json.Net.Decode/ErrorReason>> Cognite.Sdk.Assets.AssetsExtensions/ResponseAsset-get_Decoder-Static@14-3::Invoke(System.String,Newtonsoft.Json.Linq.JToken)
FNDA:10,Microsoft.FSharp.Core.FSharpResult`2<System.String,System.Tuple`2<System.String,Thoth.Json.Net.Decode/ErrorReason>> Cognite.Sdk.Assets.AssetsExtensions/ResponseAsset-get_Decoder-Static@14-3::Invoke(System.String,Newtonsoft.Json.Linq.JToken)
DA:14,10
FN:14,Microsoft.FSharp.Core.FSharpResult`2<System.Int64,System.Tuple`2<System.String,Thoth.Json.Net.Decode/ErrorReason>> Cognite.Sdk.Assets.AssetsExtensions/ResponseAsset-get_Decoder-Static@15-4::Invoke(System.String,Newtonsoft.Json.Linq.JToken)
FNDA:8,Microsoft.FSharp.Core.FSharpResult`2<System.Int64,System.Tuple`2<System.String,Thoth.Json.Net.Decode/ErrorReason>> Cognite.Sdk.Assets.AssetsExtensions/ResponseAsset-get_Decoder-Static@15-4::Invoke(System.String,Newtonsoft.Json.Linq.JToken)
DA:15,8
FN:15,Microsoft.FSharp.Core.FSharpResult`2<System.Int64,System.Tuple`2<System.String,Thoth.Json.Net.Decode/ErrorReason>> Cognite.Sdk.Assets.AssetsExtensions/ResponseAsset-get_Decoder-Static@16-5::Invoke(System.String,Newtonsoft.Json.Linq.JToken)
FNDA:12,Microsoft.FSharp.Core.FSharpResult`2<System.Int64,System.Tuple`2<System.String,Thoth.Json.Net.Decode/ErrorReason>> Cognite.Sdk.Assets.AssetsExtensions/ResponseAsset-get_Decoder-Static@16-5::Invoke(System.String,Newtonsoft.Json.Linq.JToken)
DA:16,12
FN:16,Microsoft.FSharp.Core.FSharpResult`2<System.String,System.Tuple`2<System.String,Thoth.Json.Net.Decode/ErrorReason>> Cognite.Sdk.Assets.AssetsExtensions/ResponseAsset-get_Decoder-Static@17-7::Invoke(System.String,Newtonsoft.Json.Linq.JToken)
FNDA:10,Microsoft.FSharp.Core.FSharpResult`2<System.String,System.Tuple`2<System.String,Thoth.Json.Net.Decode/ErrorReason>> Cognite.Sdk.Assets.AssetsExtensions/ResponseAsset-get_Decoder-Static@17-7::Invoke(System.String,Newtonsoft.Json.Linq.JToken)
DA:17,10
FN:17,Microsoft.FSharp.Core.FSharpResult`2<System.String,System.Tuple`2<System.String,Thoth.Json.Net.Decode/ErrorReason>> Cognite.Sdk.Assets.AssetsExtensions/ResponseAsset-get_Decoder-Static@18-8::Invoke(System.String,Newtonsoft.Json.Linq.JToken)
FNDA:10,Microsoft.FSharp.Core.FSharpResult`2<System.String,System.Tuple`2<System.String,Thoth.Json.Net.Decode/ErrorReason>> Cognite.Sdk.Assets.AssetsExtensions/ResponseAsset-get_Decoder-Static@18-8::Invoke(System.String,Newtonsoft.Json.Linq.JToken)
DA:18,10
FN:18,Microsoft.FSharp.Core.FSharpResult`2<System.Int32,System.Tuple`2<System.String,Thoth.Json.Net.Decode/ErrorReason>> Cognite.Sdk.Assets.AssetsExtensions/ResponseAsset-get_Decoder-Static@19-9::Invoke(System.String,Newtonsoft.Json.Linq.JToken)
FNDA:10,Microsoft.FSharp.Core.FSharpResult`2<System.Int32,System.Tuple`2<System.String,Thoth.Json.Net.Decode/ErrorReason>> Cognite.Sdk.Assets.AssetsExtensions/ResponseAsset-get_Decoder-Static@19-9::Invoke(System.String,Newtonsoft.Json.Linq.JToken)
DA:19,10
FN:19,Microsoft.FSharp.Core.FSharpResult`2<System.String,System.Tuple`2<System.String,Thoth.Json.Net.Decode/ErrorReason>> Cognite.Sdk.Assets.AssetsExtensions/ResponseAsset-get_Decoder-Static@20-10::Invoke(System.String,Newtonsoft.Json.Linq.JToken)
FNDA:8,Microsoft.FSharp.Core.FSharpResult`2<System.String,System.Tuple`2<System.String,Thoth.Json.Net.Decode/ErrorReason>> Cognite.Sdk.Assets.AssetsExtensions/ResponseAsset-get_Decoder-Static@20-10::Invoke(System.String,Newtonsoft.Json.Linq.JToken)
DA:20,8
FN:20,Microsoft.FSharp.Core.FSharpResult`2<System.Int64,System.Tuple`2<System.String,Thoth.Json.Net.Decode/ErrorReason>> Cognite.Sdk.Assets.AssetsExtensions/ResponseAsset-get_Decoder-Static@21-11::Invoke(System.String,Newtonsoft.Json.Linq.JToken)
FNDA:10,Microsoft.FSharp.Core.FSharpResult`2<System.Int64,System.Tuple`2<System.String,Thoth.Json.Net.Decode/ErrorReason>> Cognite.Sdk.Assets.AssetsExtensions/ResponseAsset-get_Decoder-Static@21-11::Invoke(System.String,Newtonsoft.Json.Linq.JToken)
DA:21,10
FN:21,Microsoft.FSharp.Core.FSharpResult`2<System.Int64,System.Tuple`2<System.String,Thoth.Json.Net.Decode/ErrorReason>> Cognite.Sdk.Assets.AssetsExtensions/ResponseAsset-get_Decoder-Static@22-12::Invoke(System.String,Newtonsoft.Json.Linq.JToken)
FNDA:10,Microsoft.FSharp.Core.FSharpResult`2<System.Int64,System.Tuple`2<System.String,Thoth.Json.Net.Decode/ErrorReason>> Cognite.Sdk.Assets.AssetsExtensions/ResponseAsset-get_Decoder-Static@22-12::Invoke(System.String,Newtonsoft.Json.Linq.JToken)
DA:22,10
FN:10,Cognite.Sdk.Assets.Model/ResponseAsset Cognite.Sdk.Assets.AssetsExtensions/ResponseAsset-get_Decoder-Static@10::Invoke(Thoth.Json.Net.Decode/IGetters)
FNDA:8,Cognite.Sdk.Assets.Model/ResponseAsset Cognite.Sdk.Assets.AssetsExtensions/ResponseAsset-get_Decoder-Static@10::Invoke(Thoth.Json.Net.Decode/IGetters)
DA:11,8
DA:23,8
FN:9,Microsoft.FSharp.Core.FSharpResult`2<Cognite.Sdk.Assets.Model/ResponseAsset,System.Tuple`2<System.String,Thoth.Json.Net.Decode/ErrorReason>> Cognite.Sdk.Assets.AssetsExtensions/ResponseAsset-get_Decoder-Static@10-13::Invoke(System.String,Newtonsoft.Json.Linq.JToken)
FNDA:4,Microsoft.FSharp.Core.FSharpResult`2<Cognite.Sdk.Assets.Model/ResponseAsset,System.Tuple`2<System.String,Thoth.Json.Net.Decode/ErrorReason>> Cognite.Sdk.Assets.AssetsExtensions/ResponseAsset-get_Decoder-Static@10-13::Invoke(System.String,Newtonsoft.Json.Linq.JToken)
DA:10,4
FN:27,Microsoft.FSharp.Core.FSharpResult`2<Microsoft.FSharp.Collections.FSharpList`1<Cognite.Sdk.Assets.Model/ResponseAsset>,System.Tuple`2<System.String,Thoth.Json.Net.Decode/ErrorReason>> Cognite.Sdk.Assets.AssetsExtensions/ResponseData-get_Decoder-Static@28-1::Invoke(System.String,Newtonsoft.Json.Linq.JToken)
FNDA:12,Microsoft.FSharp.Core.FSharpResult`2<Microsoft.FSharp.Collections.FSharpList`1<Cognite.Sdk.Assets.Model/ResponseAsset>,System.Tuple`2<System.String,Thoth.Json.Net.Decode/ErrorReason>> Cognite.Sdk.Assets.AssetsExtensions/ResponseData-get_Decoder-Static@28-1::Invoke(System.String,Newtonsoft.Json.Linq.JToken)
DA:28,12
FN:28,Microsoft.FSharp.Core.FSharpResult`2<System.String,System.Tuple`2<System.String,Thoth.Json.Net.Decode/ErrorReason>> Cognite.Sdk.Assets.AssetsExtensions/ResponseData-get_Decoder-Static@29-2::Invoke(System.String,Newtonsoft.Json.Linq.JToken)
FNDA:8,Microsoft.FSharp.Core.FSharpResult`2<System.String,System.Tuple`2<System.String,Thoth.Json.Net.Decode/ErrorReason>> Cognite.Sdk.Assets.AssetsExtensions/ResponseData-get_Decoder-Static@29-2::Invoke(System.String,Newtonsoft.Json.Linq.JToken)
DA:29,8
FN:29,Microsoft.FSharp.Core.FSharpResult`2<System.String,System.Tuple`2<System.String,Thoth.Json.Net.Decode/ErrorReason>> Cognite.Sdk.Assets.AssetsExtensions/ResponseData-get_Decoder-Static@30-3::Invoke(System.String,Newtonsoft.Json.Linq.JToken)
FNDA:8,Microsoft.FSharp.Core.FSharpResult`2<System.String,System.Tuple`2<System.String,Thoth.Json.Net.Decode/ErrorReason>> Cognite.Sdk.Assets.AssetsExtensions/ResponseData-get_Decoder-Static@30-3::Invoke(System.String,Newtonsoft.Json.Linq.JToken)
DA:30,8
FN:26,Cognite.Sdk.Assets.Model/ResponseData Cognite.Sdk.Assets.AssetsExtensions/ResponseData-get_Decoder-Static@27::Invoke(Thoth.Json.Net.Decode/IGetters)
FNDA:8,Cognite.Sdk.Assets.Model/ResponseData Cognite.Sdk.Assets.AssetsExtensions/ResponseData-get_Decoder-Static@27::Invoke(Thoth.Json.Net.Decode/IGetters)
DA:27,8
DA:31,8
FN:34,Cognite.Sdk.Assets.Model/AssetResponse Cognite.Sdk.Assets.AssetsExtensions/AssetResponse-get_Decoder-Static@35::Invoke(Thoth.Json.Net.Decode/IGetters)
FNDA:8,Cognite.Sdk.Assets.Model/AssetResponse Cognite.Sdk.Assets.AssetsExtensions/AssetResponse-get_Decoder-Static@35::Invoke(Thoth.Json.Net.Decode/IGetters)
DA:35,8
DA:36,8
DA:37,8
LF:91
LH:31
BRF:71
BRH:3
FNF:23
FNH:20
end_of_record
SF:/Users/dbrattli/Developer/GitHub/CogniteNetSdk/src/assets/Model.fs
FN:65,Cognite.Sdk.Assets.Model/GetParams Cognite.Sdk.Assets.Model::Limit(System.Int32)
FNDA:0,Cognite.Sdk.Assets.Model/GetParams Cognite.Sdk.Assets.Model::Limit(System.Int32)
DA:66,0
FN:13,System.Int32 Cognite.Sdk.Assets.Model/ResponseAsset::CompareTo(System.Object)
FNDA:0,System.Int32 Cognite.Sdk.Assets.Model/ResponseAsset::CompareTo(System.Object)
DA:14,0
FN:37,System.Int32 Cognite.Sdk.Assets.Model/ResponseData::CompareTo(System.Object)
FNDA:0,System.Int32 Cognite.Sdk.Assets.Model/ResponseData::CompareTo(System.Object)
DA:38,0
FN:43,System.Int32 Cognite.Sdk.Assets.Model/AssetResponse::CompareTo(System.Object)
FNDA:0,System.Int32 Cognite.Sdk.Assets.Model/AssetResponse::CompareTo(System.Object)
DA:44,0
FN:48,System.Int32 Cognite.Sdk.Assets.Model/GetParams::CompareTo(System.Object)
FNDA:0,System.Int32 Cognite.Sdk.Assets.Model/GetParams::CompareTo(System.Object)
DA:49,0
FN:61,Cognite.Sdk.Assets.Model/GetParams Cognite.Sdk.Assets.Model/GetParams::Limit(System.Int32)
FNDA:0,Cognite.Sdk.Assets.Model/GetParams Cognite.Sdk.Assets.Model/GetParams::Limit(System.Int32)
DA:62,0
DA:63,0
DA:64,0
BRDA:62,6,0,0
BRDA:62,6,1,0
BRDA:62,21,0,0
BRDA:62,21,1,0
FN:68,System.Int32 Cognite.Sdk.Assets.Model/UpdateParams::CompareTo(System.Object)
FNDA:0,System.Int32 Cognite.Sdk.Assets.Model/UpdateParams::CompareTo(System.Object)
DA:69,0
FN:81,System.Int32 Cognite.Sdk.Assets.Model/ParentRef::CompareTo(System.Object)
FNDA:0,System.Int32 Cognite.Sdk.Assets.Model/ParentRef::CompareTo(System.Object)
DA:82,0
FN:90,System.Int32 Cognite.Sdk.Assets.Model/RequestAsset::CompareTo(System.Object)
FNDA:0,System.Int32 Cognite.Sdk.Assets.Model/RequestAsset::CompareTo(System.Object)
DA:91,0
FN:112,System.Int32 Cognite.Sdk.Assets.Model/AssetsRequest::CompareTo(System.Object)
FNDA:0,System.Int32 Cognite.Sdk.Assets.Model/AssetsRequest::CompareTo(System.Object)
DA:113,0
LF:12
LH:0
BRF:191
BRH:0
FNF:10
FNH:0
end_of_record